[22:14:03] [ServerMain/INFO]: Building unoptimized datafixer
[22:14:06] [ServerMain/INFO]: Environment: authHost='https://authserver.mojang.com', accountsHost='https://api.mojang.com', sessionHost='https://sessionserver.mojang.com', servicesHost='https://api.minecraftservices.com', name='PROD'
[22:14:09] [ServerMain/INFO]: Loaded 7 recipes
[22:14:11] [Server thread/INFO]: Starting minecraft server version 1.19.3
[22:14:11] [Server thread/INFO]: Loading properties
[22:14:11] [Server thread/INFO]: This server is running Paper version git-Paper-445 (MC: 1.19.3) (Implementing API version 1.19.3-R0.1-SNAPSHOT) (Git: 4d7269e)
[22:14:11] [Server thread/INFO]: Server Ping Player Sample Count: 12
[22:14:11] [Server thread/INFO]: Using 4 threads for Netty based IO
[22:14:11] [Server thread/INFO]: [ChunkTaskScheduler] Chunk system is using 1 I/O threads, 1 worker threads, and gen parallelism of 1 threads
[22:14:12] [Server thread/INFO]: Default game type: SURVIVAL
[22:14:12] [Server thread/INFO]: Generating keypair
[22:14:12] [Server thread/INFO]: Starting Minecraft server on *:25565
[22:14:12] [Server thread/INFO]: Using epoll channel type
[22:14:12] [Server thread/INFO]: Paper: Using libdeflate (Linux x86_64) compression from Velocity.
[22:14:12] [Server thread/INFO]: Paper: Using OpenSSL 1.1.x (Linux x86_64) cipher from Velocity.
[22:14:12] [Server thread/INFO]: Server permissions file permissions.yml is empty, ignoring it
[22:14:12] [Server thread/INFO]: Preparing level "world"
[22:14:14] [Server thread/INFO]: Preparing start region for dimension minecraft:overworld
[22:14:14] [Server thread/INFO]: Time elapsed: 296 ms
[22:14:14] [Server thread/INFO]: Preparing start region for dimension minecraft:the_nether
[22:14:14] [Server thread/INFO]: Time elapsed: 92 ms
[22:14:14] [Server thread/INFO]: Preparing start region for dimension minecraft:the_end
[22:14:14] [Server thread/INFO]: Time elapsed: 95 ms
[22:14:15] [Server thread/INFO]: Running delayed init tasks
[22:14:15] [Server thread/INFO]: Done (4.044s)! For help, type "help"
[22:14:15] [Server thread/INFO]: Timings Reset
[22:26:42] [User Authenticator #0/INFO]: UUID of player wetturtle45 is 8716abd9-fb8a-4f35-96e6-4a6f4865cbe2
[22:26:43] [Server thread/INFO]: wetturtle45 joined the game
[22:26:43] [Server thread/INFO]: wetturtle45[/[0:0:0:0:0:0:0:1%0]:50476] logged in with entity id 243 at ([world]-40.5, 67.0, 26.5)
[22:27:10] [Server thread/INFO]: Made wetturtle45 a server operator
[22:27:13] [Server thread/INFO]: wetturtle45 issued server command: /gamemode creative
[22:27:13] [Server thread/INFO]: [wetturtle45: Set own game mode to Creative Mode]
[22:27:26] [Server thread/INFO]: wetturtle45 issued server command: /gamerule commandBlockOutput false
[22:27:26] [Server thread/INFO]: [wetturtle45: Gamerule commandBlockOutput is now set to: false]
[22:29:25] [Server thread/INFO]: wetturtle45 issued server command: /get skull
[22:34:52] [Server thread/INFO]: wetturtle45 issued server command: /fill ~-15 ~-15 ~-15 ~15 ~15 ~15 tnt
[22:34:52] [Server thread/INFO]: [wetturtle45: Successfully filled 29791 blocks]
[22:35:12] [Server thread/WARN]: Can't keep up! Is the server overloaded? Running 5434ms or 108 ticks behind
[22:36:05] [Server thread/INFO]: wetturtle45 issued server command: /summon boat
[22:36:05] [Server thread/INFO]: [wetturtle45: Summoned new Boat]
[22:36:18] [Server thread/WARN]: Can't keep up! Is the server overloaded? Running 36519ms or 730 ticks behind
[22:36:57] [Server thread/WARN]: Can't keep up! Is the server overloaded? Running 8388ms or 167 ticks behind
[22:38:45] [Server thread/INFO]: wetturtle45 lost connection: Disconnected
[22:38:45] [Server thread/INFO]: wetturtle45 left the game
[22:38:51] [Server thread/INFO]: Stopping the server
[22:38:51] [Server thread/INFO]: Stopping server
[22:38:51] [Server thread/INFO]: Saving players
[22:38:51] [Server thread/INFO]: Saving worlds
[22:38:51] [Server thread/INFO]: Saving chunks for level 'ServerLevel[world]'/minecraft:overworld
[22:38:51] [Server thread/INFO]: [ChunkHolderManager] Waiting 60s for chunk system to halt for world 'world'
[22:38:51] [Server thread/INFO]: [ChunkHolderManager] Halted chunk system for world 'world'
[22:38:51] [Server thread/INFO]: [ChunkHolderManager] Saving all chunkholders for world 'world'
[22:38:53] [Server thread/INFO]: [ChunkHolderManager] Saved 1455 block chunks, 200 entity chunks, 0 poi chunks in world 'world' in 2.35s
[22:38:53] [Server thread/INFO]: ThreadedAnvilChunkStorage (world): All chunks are saved
[22:38:53] [Server thread/INFO]: Saving chunks for level 'ServerLevel[world_nether]'/minecraft:the_nether
[22:38:53] [Server thread/INFO]: [ChunkHolderManager] Waiting 60s for chunk system to halt for world 'world_nether'
[22:38:53] [Server thread/INFO]: [ChunkHolderManager] Halted chunk system for world 'world_nether'
[22:38:53] [Server thread/INFO]: [ChunkHolderManager] Saving all chunkholders for world 'world_nether'
[22:38:55] [Server thread/INFO]: [ChunkHolderManager] Saved 1499 block chunks, 10 entity chunks, 0 poi chunks in world 'world_nether' in 1.65s
[22:38:55] [Server thread/INFO]: ThreadedAnvilChunkStorage (DIM-1): All chunks are saved
[22:38:55] [Server thread/INFO]: Saving chunks for level 'ServerLevel[world_the_end]'/minecraft:the_end
[22:38:55] [Server thread/INFO]: [ChunkHolderManager] Waiting 60s for chunk system to halt for world 'world_the_end'
[22:38:55] [Server thread/INFO]: [ChunkHolderManager] Halted chunk system for world 'world_the_end'
[22:38:55] [Server thread/INFO]: [ChunkHolderManager] Saving all chunkholders for world 'world_the_end'
[22:38:56] [Server thread/INFO]: [ChunkHolderManager] Saved 1506 block chunks, 10 entity chunks, 0 poi chunks in world 'world_the_end' in 1.11s
[22:38:56] [Server thread/INFO]: ThreadedAnvilChunkStorage (DIM1): All chunks are saved
[22:38:56] [Server thread/INFO]: ThreadedAnvilChunkStorage: All dimensions are saved
[22:38:56] [Server thread/INFO]: Flushing Chunk IO
[22:38:56] [Server thread/INFO]: Closing Thread Pool
[22:38:56] [Server thread/INFO]: Closing Server
